Unity Editor version:    2020.3.23f1 (c5d91304a876)
Branch:                  2020.3/staging
Build type:              Release
Batch mode:              YES
macOS version:           Version 12.1 (Build 21C52)
Darwin version:          21.2.0
Architecture:            x86_64
Running under Rosetta:   NO
Available memory:        16384 MB
Using pre-set license
Pro License: NO

COMMAND LINE ARGUMENTS:
/Applications/Unity/Hub/Editor/2020.3.23f1/Unity.app/Contents/MacOS/Unity
-adb2
-batchMode
-noUpm
-name
AssetImportWorker0
-projectPath
/Users/theodosreis/Github/Track_Your_Demon/Unity
-logFile
Logs/AssetImportWorker0.log
-srvPort
49822
Successfully changed project path to: /Users/theodosreis/Github/Track_Your_Demon/Unity
/Users/theodosreis/Github/Track_Your_Demon/Unity
Using Asset Import Pipeline V2.
Refreshing native plugins compatible for Editor in 68.53 ms, found 2 plugins.
Preloading 0 native plugins for Editor in 0.00 ms.
Initialize engine version: 2020.3.23f1 (c5d91304a876)
[Subsystems] Discovering subsystems at path /Applications/Unity/Hub/Editor/2020.3.23f1/Unity.app/Contents/Resources/UnitySubsystems
[Subsystems] Discovering subsystems at path /Users/theodosreis/Github/Track_Your_Demon/Unity/Assets
GfxDevice: creating device client; threaded=0
2022-01-20 16:20:39.101 Unity[8084:143066] Color LCD preferred device: AMD Radeon Pro 460 (high power)
2022-01-20 16:20:39.101 Unity[8084:143066] Metal devices available: 2
2022-01-20 16:20:39.101 Unity[8084:143066] 0: AMD Radeon Pro 460 (high power)
2022-01-20 16:20:39.101 Unity[8084:143066] 1: Intel(R) HD Graphics 530 (low power)
2022-01-20 16:20:39.101 Unity[8084:143066] Using device AMD Radeon Pro 460 (high power)
Initializing Metal device caps: AMD Radeon Pro 460
Initialize mono
Mono path[0] = '/Applications/Unity/Hub/Editor/2020.3.23f1/Unity.app/Contents/Managed'
Mono path[1] = '/Applications/Unity/Hub/Editor/2020.3.23f1/Unity.app/Contents/MonoBleedingEdge/lib/mono/unityjit'
Mono config path = '/Applications/Unity/Hub/Editor/2020.3.23f1/Unity.app/Contents/MonoBleedingEdge/etc'
Using monoOptions --debugger-agent=transport=dt_socket,embedding=1,server=y,suspend=n,address=127.0.0.1:56084
Begin MonoManager ReloadAssembly
Registering precompiled unity dll's ...
Register platform support module: /Applications/Unity/Hub/Editor/2020.3.23f1/Unity.app/Contents/PlaybackEngines/MacStandaloneSupport/UnityEditor.OSXStandalone.Extensions.dll
Registered in 0.008913 seconds.
Native extension for OSXStandalone target not found
Refreshing native plugins compatible for Editor in 65.29 ms, found 2 plugins.
Preloading 0 native plugins for Editor in 0.00 ms.
Mono: successfully reloaded assembly
- Completed reload, in  0.994 seconds
Domain Reload Profiling:
	ReloadAssembly (994ms)
		BeginReloadAssembly (76ms)
			ExecutionOrderSort (0ms)
			DisableScriptedObjects (0ms)
			BackupInstance (0ms)
			ReleaseScriptingObjects (0ms)
			CreateAndSetChildDomain (1ms)
		EndReloadAssembly (797ms)
			LoadAssemblies (77ms)
			RebuildTransferFunctionScriptingTraits (0ms)
			SetupTypeCache (283ms)
			ReleaseScriptCaches (0ms)
			RebuildScriptCaches (51ms)
			SetupLoadedEditorAssemblies (331ms)
				LogAssemblyErrors (0ms)
				InitializePlatformSupportModulesInManaged (6ms)
				SetLoadedEditorAssemblies (0ms)
				RefreshPlugins (65ms)
				BeforeProcessingInitializeOnLoad (46ms)
				ProcessInitializeOnLoadAttributes (168ms)
				ProcessInitializeOnLoadMethodAttributes (45ms)
				AfterProcessingInitializeOnLoad (0ms)
				EditorAssembliesLoaded (0ms)
			ExecutionOrderSort2 (0ms)
			AwakeInstancesAfterBackupRestoration (0ms)
Platform modules already initialized, skipping
Registering precompiled user dll's ...
Registered in 0.008203 seconds.
Begin MonoManager ReloadAssembly
Native extension for OSXStandalone target not found
Refreshing native plugins compatible for Editor in 58.42 ms, found 2 plugins.
Preloading 0 native plugins for Editor in 0.00 ms.
Mono: successfully reloaded assembly
- Completed reload, in  1.775 seconds
Domain Reload Profiling:
	ReloadAssembly (1777ms)
		BeginReloadAssembly (189ms)
			ExecutionOrderSort (0ms)
			DisableScriptedObjects (7ms)
			BackupInstance (0ms)
			ReleaseScriptingObjects (0ms)
			CreateAndSetChildDomain (27ms)
		EndReloadAssembly (1509ms)
			LoadAssemblies (127ms)
			RebuildTransferFunctionScriptingTraits (0ms)
			SetupTypeCache (518ms)
			ReleaseScriptCaches (1ms)
			RebuildScriptCaches (85ms)
			SetupLoadedEditorAssemblies (578ms)
				LogAssemblyErrors (0ms)
				InitializePlatformSupportModulesInManaged (5ms)
				SetLoadedEditorAssemblies (0ms)
				RefreshPlugins (58ms)
				BeforeProcessingInitializeOnLoad (91ms)
				ProcessInitializeOnLoadAttributes (395ms)
				ProcessInitializeOnLoadMethodAttributes (25ms)
				AfterProcessingInitializeOnLoad (2ms)
				EditorAssembliesLoaded (0ms)
			ExecutionOrderSort2 (0ms)
			AwakeInstancesAfterBackupRestoration (12ms)
Platform modules already initialized, skipping
Validating Project structure ... 0.009623 seconds.
Shader import version has changed; will reimport all shaders...
Upgrading shader files ...0.014046 seconds.
Application.AssetDatabase Initial Script Refresh Start
RefreshInfo: InitialScriptRefreshV2(NoUpdateAssetOptions) scanfilter:  ... 1 filters
RefreshProfiler: Total: 0.000ms
Application.AssetDatabase Initial Script Refresh End
Application.AssetDatabase.Refresh Start
Application.AssetDatabase.Refresh End
RefreshInfo: StopAssetImportingV2(ForceSynchronousImport) scanfilter: 
RefreshProfiler: Total: 0.000ms
Launching external process: /Applications/Unity/Hub/Editor/2020.3.23f1/Unity.app/Contents/Tools/UnityShaderCompiler
Launched and connected shader compiler UnityShaderCompiler after 0.02 seconds
Initializing Unity extensions:
2022-01-20 16:20:43.695 Unity[8084:143066] NSEventModifierFlagFunction specified to -setKeyEquivalentModifierMask: for item <NSMenuItem: 0x6000022653b0 Font Asset, ke='Command-F12'>, but is only supported for system-provided menu items; will not be used
2022-01-20 16:20:43.701 Unity[8084:143066] NSEventModifierFlagFunction specified to -setKeyEquivalentModifierMask: for item <NSMenuItem: 0x60000221e0d0 Font Asset, ke='Command-F12'>, but is only supported for system-provided menu items; will not be used
========================================================================
Worker process is ready to serve import requests
Refreshing native plugins compatible for Editor in 0.48 ms, found 2 plugins.
Preloading 0 native plugins for Editor in 0.00 ms.
Unloading 1960 Unused Serialized files (Serialized files now loaded: 0)
System memory in use before: 183.6 MB.
System memory in use after: 182.8 MB.

Unloading 145 unused Assets to reduce memory usage. Loaded Objects now: 2433.
Total: 4.158030 ms (FindLiveObjects: 0.247509 ms CreateObjectMapping: 0.079158 ms MarkObjects: 3.222709 ms  DeleteObjects: 0.607742 ms)

AssetImportParameters requested are different than current active one (requested -> active):
  custom:video-decoder-ogg-theora: a1e56fd34408186e4bbccfd4996cb3dc -> 
  custom:container-muxer-webm: aa71ff27fc2769a1b78a27578f13a17b -> 
  custom:container-demuxer-webm: 4f35f7cbe854078d1ac9338744f61a02 -> 
  custom:container-demuxer-ogg: 62fdf1f143b41e24485cea50d1cbac27 -> 
  custom:video-encoder-webm-vp8: eb34c28f22e8b96e1ab97ce403110664 -> 
  custom:framework-osx-AVFoundation: e770b220cccbd017edd2c1fefb359320 -> 
  custom:video-decoder-webm-vp8: 9c59270c3fd7afecdb556c50c9e8de78 -> 
  custom:audio-decoder-ogg-vorbis: bf7c407c2cedff20999df2af8eb42d56 -> 
  custom:audio-encoder-webm-vorbis: bf7c407c2cedff20999df2af8eb42d56 -> 
========================================================================
Received Import Request.
  path: Assets/Théo/StarterAssets
  artifactKey: Guid(b56243599b27b4aaa91da3f13b0a0235) Importer(815301076,1909f56bfc062723c751e8b465ee728b)
Start importing Assets/Théo/StarterAssets using Guid(b56243599b27b4aaa91da3f13b0a0235) Importer(815301076,1909f56bfc062723c751e8b465ee728b)  -> (artifact id: '1f2fa5754df6c8627c4b057aefaa5d93') in 0.009244 seconds 
  Import took 0.013695 seconds .

========================================================================
Received Import Request.
  Time since last request: 17.350236 seconds.
  path: Assets/Théo/StarterAssets/ThirdPersonController/Character/Textures
  artifactKey: Guid(940251fa621540241ab6a33c87cc8b7e) Importer(815301076,1909f56bfc062723c751e8b465ee728b)
Start importing Assets/Théo/StarterAssets/ThirdPersonController/Character/Textures using Guid(940251fa621540241ab6a33c87cc8b7e) Importer(815301076,1909f56bfc062723c751e8b465ee728b)  -> (artifact id: 'c20695d9eaef41bc89b17a781a3c0309') in 0.007228 seconds 
  Import took 0.011746 seconds .

========================================================================
Received Import Request.
  Time since last request: 8.879371 seconds.
  path: Assets/Théo/Test
  artifactKey: Guid(756db5795ea004178bcb621c22c44917) Importer(815301076,1909f56bfc062723c751e8b465ee728b)
Start importing Assets/Théo/Test using Guid(756db5795ea004178bcb621c22c44917) Importer(815301076,1909f56bfc062723c751e8b465ee728b)  -> (artifact id: '63ba84fca9459758dd14ab0771a92d33') in 0.001136 seconds 
  Import took 0.005663 seconds .

========================================================================
Received Import Request.
  Time since last request: 0.991797 seconds.
  path: Assets/Théo/Test/Characters
  artifactKey: Guid(497c536612c3c4c51821b39258118064) Importer(815301076,1909f56bfc062723c751e8b465ee728b)
Start importing Assets/Théo/Test/Characters using Guid(497c536612c3c4c51821b39258118064) Importer(815301076,1909f56bfc062723c751e8b465ee728b)  -> (artifact id: '558f5c3954646041d24f28cbb0815c2a') in 0.001136 seconds 
  Import took 0.005604 seconds .

========================================================================
Received Import Request.
  Time since last request: 0.052763 seconds.
  path: Assets/Théo/Test/Characters/Bryce.fbx
  artifactKey: Guid(fc4b99b51456847c7b59f0d6c602246b) Importer(815301076,1909f56bfc062723c751e8b465ee728b)
Start importing Assets/Théo/Test/Characters/Bryce.fbx using Guid(fc4b99b51456847c7b59f0d6c602246b) Importer(815301076,1909f56bfc062723c751e8b465ee728b)  -> (artifact id: 'af3ec06558ec82b53961769527831c87') in 1.538835 seconds 
  Import took 1.548483 seconds .

========================================================================
Received Import Request.
  Time since last request: 0.000236 seconds.
  path: Assets/Théo/Test/Characters/Remy.fbx
  artifactKey: Guid(7ce9657c59b8940caaf80fc797bdf8c2) Importer(815301076,1909f56bfc062723c751e8b465ee728b)
Start importing Assets/Théo/Test/Characters/Remy.fbx using Guid(7ce9657c59b8940caaf80fc797bdf8c2) Importer(815301076,1909f56bfc062723c751e8b465ee728b)  -> (artifact id: 'f1658896dbbdb1e43291917a19815e9c') in 0.185571 seconds 
  Import took 0.195491 seconds .

========================================================================
Received Import Request.
  Time since last request: 0.000308 seconds.
  path: Assets/Théo/Test/Characters/David.fbx
  artifactKey: Guid(9188b29468c794991943dcd980d2551a) Importer(815301076,1909f56bfc062723c751e8b465ee728b)
Start importing Assets/Théo/Test/Characters/David.fbx using Guid(9188b29468c794991943dcd980d2551a) Importer(815301076,1909f56bfc062723c751e8b465ee728b)  -> (artifact id: 'bde6bfd04c80229fbc49833ac36826ad') in 0.135605 seconds 
  Import took 0.141377 seconds .

========================================================================
Received Import Request.
  Time since last request: 0.000277 seconds.
  path: Assets/Théo/Test/Characters/Sophie.fbx
  artifactKey: Guid(3c249539c2972402b893962bd00deeef) Importer(815301076,1909f56bfc062723c751e8b465ee728b)
Start importing Assets/Théo/Test/Characters/Sophie.fbx using Guid(3c249539c2972402b893962bd00deeef) Importer(815301076,1909f56bfc062723c751e8b465ee728b)  -> (artifact id: 'b3625f2e1f049bcf63fa5c1553391bcd') in 0.144096 seconds 
  Import took 0.151032 seconds .

========================================================================
Received Import Request.
  Time since last request: 0.000399 seconds.
  path: Assets/Théo/Test/Characters/James.fbx
  artifactKey: Guid(5a00862e54c9344d4b206d2e18367727) Importer(815301076,1909f56bfc062723c751e8b465ee728b)
Start importing Assets/Théo/Test/Characters/James.fbx using Guid(5a00862e54c9344d4b206d2e18367727) Importer(815301076,1909f56bfc062723c751e8b465ee728b)  -> (artifact id: 'ad8774f2468100da63ff07d7aae66733') in 0.090555 seconds 
  Import took 0.097971 seconds .

========================================================================
Received Import Request.
  Time since last request: 0.000363 seconds.
  path: Assets/Théo/Test/Characters/Megan.fbx
  artifactKey: Guid(733ee0e9b9927488997cfbe8ed23f04e) Importer(815301076,1909f56bfc062723c751e8b465ee728b)
Start importing Assets/Théo/Test/Characters/Megan.fbx using Guid(733ee0e9b9927488997cfbe8ed23f04e) Importer(815301076,1909f56bfc062723c751e8b465ee728b)  -> (artifact id: 'd8c60c493777f638b9b0734fc8487193') in 0.145290 seconds 
  Import took 0.152908 seconds .

========================================================================
Received Import Request.
  Time since last request: 154.169350 seconds.
  path: Assets/Théo/Test/Materials/Bodymat.mat
  artifactKey: Guid(f99ab98a95e1840538343655bcef112b) Importer(815301076,1909f56bfc062723c751e8b465ee728b)
Start importing Assets/Théo/Test/Materials/Bodymat.mat using Guid(f99ab98a95e1840538343655bcef112b) Importer(815301076,1909f56bfc062723c751e8b465ee728b)  -> (artifact id: '3713584903119cf5ba2d5cee01407452') in 0.425505 seconds 
  Import took 0.434725 seconds .

========================================================================
Received Import Request.
  Time since last request: 0.000296 seconds.
  path: Assets/Théo/Test/Materials/Ch06_body1.mat
  artifactKey: Guid(019c0c10ac78b4e5ca2ce697d6c0e757) Importer(815301076,1909f56bfc062723c751e8b465ee728b)
Start importing Assets/Théo/Test/Materials/Ch06_body1.mat using Guid(019c0c10ac78b4e5ca2ce697d6c0e757) Importer(815301076,1909f56bfc062723c751e8b465ee728b)  -> (artifact id: '7295b1d852044c4ce077b276ef212a19') in 0.036253 seconds 
  Import took 0.041244 seconds .

========================================================================
Received Import Request.
  Time since last request: 0.000295 seconds.
  path: Assets/Théo/Test/Materials/Ch22_body.mat
  artifactKey: Guid(a6d2db5493acc4adba371bf8e977600b) Importer(815301076,1909f56bfc062723c751e8b465ee728b)
Start importing Assets/Théo/Test/Materials/Ch22_body.mat using Guid(a6d2db5493acc4adba371bf8e977600b) Importer(815301076,1909f56bfc062723c751e8b465ee728b)  -> (artifact id: '2b0f406dbe81ad5119323eea9d13d172') in 0.030179 seconds 
  Import took 0.035959 seconds .

========================================================================
Received Import Request.
  Time since last request: 0.000271 seconds.
  path: Assets/Théo/Test/Materials/Ch42_Body.mat
  artifactKey: Guid(71194ac3aca0e400a8ca65ab15ceed1d) Importer(815301076,1909f56bfc062723c751e8b465ee728b)
Start importing Assets/Théo/Test/Materials/Ch42_Body.mat using Guid(71194ac3aca0e400a8ca65ab15ceed1d) Importer(815301076,1909f56bfc062723c751e8b465ee728b)  -> (artifact id: '1f0949f62c807885f812ed7b7f0e01ff') in 0.027446 seconds 
  Import took 0.032680 seconds .

========================================================================
Received Import Request.
  Time since last request: 0.000382 seconds.
  path: Assets/Théo/Test/Materials/Ch42_Hair.mat
  artifactKey: Guid(688f3e882b5014e1ba640d5a6e259a29) Importer(815301076,1909f56bfc062723c751e8b465ee728b)
Start importing Assets/Théo/Test/Materials/Ch42_Hair.mat using Guid(688f3e882b5014e1ba640d5a6e259a29) Importer(815301076,1909f56bfc062723c751e8b465ee728b)  -> (artifact id: 'f74581161589c81d3705e99bdf18be56') in 0.039822 seconds 
  Import took 0.046244 seconds .

========================================================================
Received Import Request.
  Time since last request: 0.000470 seconds.
  path: Assets/Théo/Test/Materials/Topmat.mat
  artifactKey: Guid(27ec7f43dac2c49d2bb68e58f64be9c7) Importer(815301076,1909f56bfc062723c751e8b465ee728b)
Start importing Assets/Théo/Test/Materials/Topmat.mat using Guid(27ec7f43dac2c49d2bb68e58f64be9c7) Importer(815301076,1909f56bfc062723c751e8b465ee728b)  -> (artifact id: 'f49515d0ceb36d8f7054c42bf6d9ca34') in 0.019876 seconds 
  Import took 0.024653 seconds .

========================================================================
Received Import Request.
  Time since last request: 0.000351 seconds.
  path: Assets/Théo/Test/Materials/Ch28_hair.mat
  artifactKey: Guid(1f46d9dde65c84f46bd786f7b0beb293) Importer(815301076,1909f56bfc062723c751e8b465ee728b)
Start importing Assets/Théo/Test/Materials/Ch28_hair.mat using Guid(1f46d9dde65c84f46bd786f7b0beb293) Importer(815301076,1909f56bfc062723c751e8b465ee728b)  -> (artifact id: '88b5c63660f40b57e4c5ee5d50b61c66') in 0.037253 seconds 
  Import took 0.043621 seconds .

========================================================================
Received Import Request.
  Time since last request: 0.000314 seconds.
  path: Assets/Théo/Test/Materials/Shoesmat.mat
  artifactKey: Guid(0b5fd67fde82444fa9bd7ca8a75a02a8) Importer(815301076,1909f56bfc062723c751e8b465ee728b)
Start importing Assets/Théo/Test/Materials/Shoesmat.mat using Guid(0b5fd67fde82444fa9bd7ca8a75a02a8) Importer(815301076,1909f56bfc062723c751e8b465ee728b)  -> (artifact id: 'a1ac682d423b57a2ecf3b75e595bd763') in 0.018964 seconds 
  Import took 0.023294 seconds .

========================================================================
Received Import Request.
  Time since last request: 0.000293 seconds.
  path: Assets/Théo/Test/Materials/Ch02_hair.mat
  artifactKey: Guid(34650e280adbf4c6caf4b9252a90508a) Importer(815301076,1909f56bfc062723c751e8b465ee728b)
Start importing Assets/Théo/Test/Materials/Ch02_hair.mat using Guid(34650e280adbf4c6caf4b9252a90508a) Importer(815301076,1909f56bfc062723c751e8b465ee728b)  -> (artifact id: '9bec262edb38eb121a4d44d1482a9e63') in 0.031888 seconds 
  Import took 0.038166 seconds .

========================================================================
Received Import Request.
  Time since last request: 0.000342 seconds.
  path: Assets/Théo/Test/Materials/Hairmat.mat
  artifactKey: Guid(a4868ae9b92e34bc0a45e9ccdb327b52) Importer(815301076,1909f56bfc062723c751e8b465ee728b)
Start importing Assets/Théo/Test/Materials/Hairmat.mat using Guid(a4868ae9b92e34bc0a45e9ccdb327b52) Importer(815301076,1909f56bfc062723c751e8b465ee728b)  -> (artifact id: '68abbe1948d48676dc06b157067023da') in 0.020087 seconds 
  Import took 0.025123 seconds .

========================================================================
Received Import Request.
  Time since last request: 0.000336 seconds.
  path: Assets/Théo/Test/Materials/Ch06_eyelashes.mat
  artifactKey: Guid(212692a8444bb486f82e088f4e21d4cd) Importer(815301076,1909f56bfc062723c751e8b465ee728b)
Start importing Assets/Théo/Test/Materials/Ch06_eyelashes.mat using Guid(212692a8444bb486f82e088f4e21d4cd) Importer(815301076,1909f56bfc062723c751e8b465ee728b)  -> (artifact id: 'a1db83a350cb5675f14263428d73a1e9') in 0.036823 seconds 
  Import took 0.044053 seconds .

========================================================================
Received Import Request.
  Time since last request: 0.000347 seconds.
  path: Assets/Théo/Test/Materials/Ch22_hair.mat
  artifactKey: Guid(bcb5ac70d7555444abccc26e8d8cdecf) Importer(815301076,1909f56bfc062723c751e8b465ee728b)
Start importing Assets/Théo/Test/Materials/Ch22_hair.mat using Guid(bcb5ac70d7555444abccc26e8d8cdecf) Importer(815301076,1909f56bfc062723c751e8b465ee728b)  -> (artifact id: '70495f25064b5fcf3d1e9f060dac7299') in 0.039966 seconds 
  Import took 0.046464 seconds .

========================================================================
Received Import Request.
  Time since last request: 0.000343 seconds.
  path: Assets/Théo/Test/Materials/Ch28_body.mat
  artifactKey: Guid(16bf3811b1b694617ad44599a86b1625) Importer(815301076,1909f56bfc062723c751e8b465ee728b)
Start importing Assets/Théo/Test/Materials/Ch28_body.mat using Guid(16bf3811b1b694617ad44599a86b1625) Importer(815301076,1909f56bfc062723c751e8b465ee728b)  -> (artifact id: '482e5843a8c657ef8896aa3d67e451d2') in 0.048260 seconds 
  Import took 0.053414 seconds .

========================================================================
Received Import Request.
  Time since last request: 0.000328 seconds.
  path: Assets/Théo/Test/Materials/Ch02_body.mat
  artifactKey: Guid(ede6c472cc58c4803835f5b4492191fe) Importer(815301076,1909f56bfc062723c751e8b465ee728b)
Start importing Assets/Théo/Test/Materials/Ch02_body.mat using Guid(ede6c472cc58c4803835f5b4492191fe) Importer(815301076,1909f56bfc062723c751e8b465ee728b)  -> (artifact id: '3d143741c706281b75edd46c305488c7') in 0.032491 seconds 
  Import took 0.037091 seconds .

========================================================================
Received Import Request.
  Time since last request: 0.000280 seconds.
  path: Assets/Théo/Test/Materials/Bottommat.mat
  artifactKey: Guid(1e3468a5204c5476bb221fbb239bdb05) Importer(815301076,1909f56bfc062723c751e8b465ee728b)
Start importing Assets/Théo/Test/Materials/Bottommat.mat using Guid(1e3468a5204c5476bb221fbb239bdb05) Importer(815301076,1909f56bfc062723c751e8b465ee728b)  -> (artifact id: 'd47df4c85f7065683cb57e8fcd37d362') in 0.022797 seconds 
  Import took 0.026596 seconds .

========================================================================
Received Import Request.
  Time since last request: 0.000386 seconds.
  path: Assets/Théo/Test/Materials/Ch06_body.mat
  artifactKey: Guid(2f1a5d6e4c13a46ccbc67a7c1e77e5b5) Importer(815301076,1909f56bfc062723c751e8b465ee728b)
Start importing Assets/Théo/Test/Materials/Ch06_body.mat using Guid(2f1a5d6e4c13a46ccbc67a7c1e77e5b5) Importer(815301076,1909f56bfc062723c751e8b465ee728b)  -> (artifact id: '97e88bd407c15d357b0a66225052a10f') in 0.035548 seconds 
  Import took 0.041194 seconds .

========================================================================
Received Import Request.
  Time since last request: 0.097154 seconds.
  path: Assets/Théo/Test/Textures/Ch02_1001_Diffuse.png
  artifactKey: Guid(f0b4c3736281044e6aeacb3fa98e8b80) Importer(815301076,1909f56bfc062723c751e8b465ee728b)
Start importing Assets/Théo/Test/Textures/Ch02_1001_Diffuse.png using Guid(f0b4c3736281044e6aeacb3fa98e8b80) Importer(815301076,1909f56bfc062723c751e8b465ee728b)  -> (artifact id: 'fc3635bf8a2f04de073a8c3a9d937414') in 0.956418 seconds 
  Import took 0.966469 seconds .

========================================================================
Received Import Request.
  Time since last request: 0.000319 seconds.
  path: Assets/Théo/Test/Textures/Ch28_1001_Diffuse.png
  artifactKey: Guid(2adcde94d4b984b278852dd323b7b935) Importer(815301076,1909f56bfc062723c751e8b465ee728b)
Start importing Assets/Théo/Test/Textures/Ch28_1001_Diffuse.png using Guid(2adcde94d4b984b278852dd323b7b935) Importer(815301076,1909f56bfc062723c751e8b465ee728b)  -> (artifact id: '919fa3ff34689a400660bf59cf8cfed4') in 0.017816 seconds 
  Import took 0.021407 seconds .

========================================================================
Received Import Request.
  Time since last request: 0.000332 seconds.
  path: Assets/Théo/Test/Textures/Ch02_1001_Glossiness.png
  artifactKey: Guid(18487be2883424d4f99a1716a61f6907) Importer(815301076,1909f56bfc062723c751e8b465ee728b)
Start importing Assets/Théo/Test/Textures/Ch02_1001_Glossiness.png using Guid(18487be2883424d4f99a1716a61f6907) Importer(815301076,1909f56bfc062723c751e8b465ee728b)  -> (artifact id: '8ec1125ba7508ca2afe2ffb9d8f6fd3d') in 0.029367 seconds 
  Import took 0.033668 seconds .

========================================================================
Received Import Request.
  Time since last request: 0.000334 seconds.
  path: Assets/Théo/Test/Textures/Remy_Body_Gloss.png
  artifactKey: Guid(8e7a14207c0aa48ee857f4fab74839d8) Importer(815301076,1909f56bfc062723c751e8b465ee728b)
Start importing Assets/Théo/Test/Textures/Remy_Body_Gloss.png using Guid(8e7a14207c0aa48ee857f4fab74839d8) Importer(815301076,1909f56bfc062723c751e8b465ee728b)  -> (artifact id: '1728adc8c6f7fddce87c26b1f364ddd1') in 0.012430 seconds 
  Import took 0.016373 seconds .

========================================================================
Received Import Request.
  Time since last request: 0.000331 seconds.
  path: Assets/Théo/Test/Textures/Ch02_1001_Normal.png
  artifactKey: Guid(857f05e3f24654568b56b1d3c888bce6) Importer(815301076,1909f56bfc062723c751e8b465ee728b)
Start importing Assets/Théo/Test/Textures/Ch02_1001_Normal.png using Guid(857f05e3f24654568b56b1d3c888bce6) Importer(815301076,1909f56bfc062723c751e8b465ee728b)  -> (artifact id: 'b3d1dd5abcdbbf2b3a9d4c2e4755f7d1') in 0.018352 seconds 
  Import took 0.022801 seconds .

========================================================================
Received Import Request.
  Time since last request: 0.000332 seconds.
  path: Assets/Théo/Test/Textures/Ch06_1002_Diffuse.png
  artifactKey: Guid(a9841600d3c6d4f1cb4fc2e37c71435f) Importer(815301076,1909f56bfc062723c751e8b465ee728b)
Start importing Assets/Théo/Test/Textures/Ch06_1002_Diffuse.png using Guid(a9841600d3c6d4f1cb4fc2e37c71435f) Importer(815301076,1909f56bfc062723c751e8b465ee728b)  -> (artifact id: 'e9b2974b760eb762f5ee00829514c22c') in 0.012792 seconds 
  Import took 0.016668 seconds .

========================================================================
Received Import Request.
  Time since last request: 0.000640 seconds.
  path: Assets/Théo/Test/Textures/Ch22_1001_Normal.png
  artifactKey: Guid(489fc281fca604d0c9c4b97a9e24935d) Importer(815301076,1909f56bfc062723c751e8b465ee728b)
Start importing Assets/Théo/Test/Textures/Ch22_1001_Normal.png using Guid(489fc281fca604d0c9c4b97a9e24935d) Importer(815301076,1909f56bfc062723c751e8b465ee728b)  -> (artifact id: 'aeda05383035aa38dd47d78b930a4909') in 0.018304 seconds 
  Import took 0.022211 seconds .

========================================================================
Received Import Request.
  Time since last request: 0.000258 seconds.
  path: Assets/Théo/Test/Textures/Ch06_1001_Diffuse.png
  artifactKey: Guid(baa9f48e8636243f8b1a587933392502) Importer(815301076,1909f56bfc062723c751e8b465ee728b)
Start importing Assets/Théo/Test/Textures/Ch06_1001_Diffuse.png using Guid(baa9f48e8636243f8b1a587933392502) Importer(815301076,1909f56bfc062723c751e8b465ee728b)  -> (artifact id: 'd951541cdee4b8354fbc289bab7859b0') in 0.021950 seconds 
  Import took 0.026101 seconds .

========================================================================
Received Import Request.
  Time since last request: 0.000406 seconds.
  path: Assets/Théo/Test/Textures/Ch42_1001_Diffuse.png
  artifactKey: Guid(1480e1b50b7294b3693c0dd0575771b7) Importer(815301076,1909f56bfc062723c751e8b465ee728b)
Start importing Assets/Théo/Test/Textures/Ch42_1001_Diffuse.png using Guid(1480e1b50b7294b3693c0dd0575771b7) Importer(815301076,1909f56bfc062723c751e8b465ee728b)  -> (artifact id: '5ccf627923241f619453b871c1d0322d') in 0.015142 seconds 
  Import took 0.020714 seconds .

========================================================================
Received Import Request.
  Time since last request: 0.000413 seconds.
  path: Assets/Théo/Test/Textures/Ch42_1001_Specular.png
  artifactKey: Guid(acb47c6a80be84afc8faeb2f3f5cc128) Importer(815301076,1909f56bfc062723c751e8b465ee728b)
Start importing Assets/Théo/Test/Textures/Ch42_1001_Specular.png using Guid(acb47c6a80be84afc8faeb2f3f5cc128) Importer(815301076,1909f56bfc062723c751e8b465ee728b)  -> (artifact id: '295de4e5f51155cd08efe0abd031e7b2') in 0.014660 seconds 
  Import took 0.018837 seconds .

========================================================================
Received Import Request.
  Time since last request: 0.000300 seconds.
  path: Assets/Théo/Test/Textures/Ch42_1002_Diffuse.png
  artifactKey: Guid(e90e14be4c1da4f818305b3c44ca521c) Importer(815301076,1909f56bfc062723c751e8b465ee728b)
Start importing Assets/Théo/Test/Textures/Ch42_1002_Diffuse.png using Guid(e90e14be4c1da4f818305b3c44ca521c) Importer(815301076,1909f56bfc062723c751e8b465ee728b)  -> (artifact id: '17351205f89610dac50bb25484d31822') in 0.016273 seconds 
  Import took 0.020020 seconds .

========================================================================
Received Import Request.
  Time since last request: 0.000308 seconds.
  path: Assets/Théo/Test/Textures/Ch22_1001_Specular.png
  artifactKey: Guid(99c5a325c1d0340109f3f8bb2c6ce971) Importer(815301076,1909f56bfc062723c751e8b465ee728b)
Start importing Assets/Théo/Test/Textures/Ch22_1001_Specular.png using Guid(99c5a325c1d0340109f3f8bb2c6ce971) Importer(815301076,1909f56bfc062723c751e8b465ee728b)  -> (artifact id: '0e833ccffa3f546eaeae22250c363285') in 0.017189 seconds 
  Import took 0.021174 seconds .

========================================================================
Received Import Request.
  Time since last request: 0.000353 seconds.
  path: Assets/Théo/Test/Textures/Ch06_1001_Normal.png
  artifactKey: Guid(49f9522c34e304a87bc171920ac9dfad) Importer(815301076,1909f56bfc062723c751e8b465ee728b)
Start importing Assets/Théo/Test/Textures/Ch06_1001_Normal.png using Guid(49f9522c34e304a87bc171920ac9dfad) Importer(815301076,1909f56bfc062723c751e8b465ee728b)  -> (artifact id: 'fb2cd6c3cab71d316a9c19b3b6a03920') in 0.014710 seconds 
  Import took 0.019422 seconds .

========================================================================
Received Import Request.
  Time since last request: 0.000266 seconds.
  path: Assets/Théo/Test/Textures/Ch06_1002_Normal.png
  artifactKey: Guid(5349ad2d1a4414a90934b5f8d162a5fb) Importer(815301076,1909f56bfc062723c751e8b465ee728b)
Start importing Assets/Théo/Test/Textures/Ch06_1002_Normal.png using Guid(5349ad2d1a4414a90934b5f8d162a5fb) Importer(815301076,1909f56bfc062723c751e8b465ee728b)  -> (artifact id: '7a26bb2b039c2f4921bf8e9bf9d13af5') in 0.015474 seconds 
  Import took 0.018836 seconds .

========================================================================
Received Import Request.
  Time since last request: 0.000234 seconds.
  path: Assets/Théo/Test/Textures/Ch28_1001_Normal.png
  artifactKey: Guid(27a533c8cc1344e6fb9920fe0d862892) Importer(815301076,1909f56bfc062723c751e8b465ee728b)
Start importing Assets/Théo/Test/Textures/Ch28_1001_Normal.png using Guid(27a533c8cc1344e6fb9920fe0d862892) Importer(815301076,1909f56bfc062723c751e8b465ee728b)  -> (artifact id: '2901efee22d94a7a535b771eb0819a6c') in 0.016028 seconds 
  Import took 0.020328 seconds .

========================================================================
Received Import Request.
  Time since last request: 0.000288 seconds.
  path: Assets/Théo/Test/Textures/Ch28_1001_Specular.png
  artifactKey: Guid(e9d45c9aacbd04e44861456322f52cdc) Importer(815301076,1909f56bfc062723c751e8b465ee728b)
Start importing Assets/Théo/Test/Textures/Ch28_1001_Specular.png using Guid(e9d45c9aacbd04e44861456322f52cdc) Importer(815301076,1909f56bfc062723c751e8b465ee728b)  -> (artifact id: 'c0d1d1450207174ed1639de8abbff4f0') in 0.017843 seconds 
  Import took 0.022320 seconds .

========================================================================
Received Import Request.
  Time since last request: 0.000294 seconds.
  path: Assets/Théo/Test/Textures/Ch06_1002_Specular.png
  artifactKey: Guid(c9e5b6fdc1a904f809f95506a38f78dd) Importer(815301076,1909f56bfc062723c751e8b465ee728b)
Start importing Assets/Théo/Test/Textures/Ch06_1002_Specular.png using Guid(c9e5b6fdc1a904f809f95506a38f78dd) Importer(815301076,1909f56bfc062723c751e8b465ee728b)  -> (artifact id: '8801135fca2345800ed2063bf83e22c9') in 0.029765 seconds 
  Import took 0.036087 seconds .

========================================================================
Received Import Request.
  Time since last request: 0.001090 seconds.
  path: Assets/Théo/Test/Textures/Ch22_1002_Diffuse.png
  artifactKey: Guid(e3e67bd9b0e90463fb5cffe21cbf2325) Importer(815301076,1909f56bfc062723c751e8b465ee728b)
Start importing Assets/Théo/Test/Textures/Ch22_1002_Diffuse.png using Guid(e3e67bd9b0e90463fb5cffe21cbf2325) Importer(815301076,1909f56bfc062723c751e8b465ee728b)  -> (artifact id: '71d72c268c382d73304b211dd09045da') in 0.016930 seconds 
  Import took 0.022298 seconds .

========================================================================
Received Import Request.
  Time since last request: 0.000270 seconds.
  path: Assets/Théo/Test/Textures/Remy_Body_Diffuse.png
  artifactKey: Guid(7be70da9a62064ce8a01cf7cc07a4e60) Importer(815301076,1909f56bfc062723c751e8b465ee728b)
Start importing Assets/Théo/Test/Textures/Remy_Body_Diffuse.png using Guid(7be70da9a62064ce8a01cf7cc07a4e60) Importer(815301076,1909f56bfc062723c751e8b465ee728b)  -> (artifact id: '980d8685d7989084ca6634c3fb2793f5') in 0.014232 seconds 
  Import took 0.019653 seconds .

========================================================================
Received Import Request.
  Time since last request: 0.001693 seconds.
  path: Assets/Théo/Test/Textures/Ch42_1001_Glossiness.png
  artifactKey: Guid(caf4f8f547dac4cba9b4a966cb740ca4) Importer(815301076,1909f56bfc062723c751e8b465ee728b)
Start importing Assets/Théo/Test/Textures/Ch42_1001_Glossiness.png using Guid(caf4f8f547dac4cba9b4a966cb740ca4) Importer(815301076,1909f56bfc062723c751e8b465ee728b)  -> (artifact id: '7c1b374151e8a2237d6f2ee432720961') in 0.016719 seconds 
  Import took 0.021649 seconds .

========================================================================
Received Import Request.
  Time since last request: 0.000302 seconds.
  path: Assets/Théo/Test/Textures/Ch06_1002_Glossiness.png
  artifactKey: Guid(3ff839bd0eed8467292c0f01abaf3cfe) Importer(815301076,1909f56bfc062723c751e8b465ee728b)
Start importing Assets/Théo/Test/Textures/Ch06_1002_Glossiness.png using Guid(3ff839bd0eed8467292c0f01abaf3cfe) Importer(815301076,1909f56bfc062723c751e8b465ee728b)  -> (artifact id: '05ebf0be16411134f30854bbadaf5388') in 0.034367 seconds 
  Import took 0.038060 seconds .

========================================================================
Received Import Request.
  Time since last request: 0.000416 seconds.
  path: Assets/Théo/Test/Textures/Ch02_1002_Normal.png
  artifactKey: Guid(925a66bcfd02149439c891439d78d558) Importer(815301076,1909f56bfc062723c751e8b465ee728b)
Start importing Assets/Théo/Test/Textures/Ch02_1002_Normal.png using Guid(925a66bcfd02149439c891439d78d558) Importer(815301076,1909f56bfc062723c751e8b465ee728b)  -> (artifact id: '462f655e76dc10c487bfbfb542a95c72') in 0.015080 seconds 
  Import took 0.019074 seconds .

========================================================================
Received Import Request.
  Time since last request: 0.000283 seconds.
  path: Assets/Théo/Test/Textures/Ch02_1001_Specular.png
  artifactKey: Guid(99e700eb47eba464384d049455354902) Importer(815301076,1909f56bfc062723c751e8b465ee728b)
Start importing Assets/Théo/Test/Textures/Ch02_1001_Specular.png using Guid(99e700eb47eba464384d049455354902) Importer(815301076,1909f56bfc062723c751e8b465ee728b)  -> (artifact id: '40b34e65eb90606062e526c4b4308a28') in 0.022200 seconds 
  Import took 0.026493 seconds .

========================================================================
Received Import Request.
  Time since last request: 0.000328 seconds.
  path: Assets/Théo/Test/Textures/Ch22_1001_Glossiness.png
  artifactKey: Guid(7c00ab5a9b2924f25814f319a4dc7848) Importer(815301076,1909f56bfc062723c751e8b465ee728b)
Start importing Assets/Théo/Test/Textures/Ch22_1001_Glossiness.png using Guid(7c00ab5a9b2924f25814f319a4dc7848) Importer(815301076,1909f56bfc062723c751e8b465ee728b)  -> (artifact id: '3435da725ba0e4f3139c8d1302716c75') in 0.025537 seconds 
  Import took 0.031321 seconds .

========================================================================
Received Import Request.
  Time since last request: 0.000396 seconds.
  path: Assets/Théo/Test/Textures/Ch02_1002_Diffuse.png
  artifactKey: Guid(8f0f3e9c4ab754559857655d4b408a8d) Importer(815301076,1909f56bfc062723c751e8b465ee728b)
Start importing Assets/Théo/Test/Textures/Ch02_1002_Diffuse.png using Guid(8f0f3e9c4ab754559857655d4b408a8d) Importer(815301076,1909f56bfc062723c751e8b465ee728b)  -> (artifact id: 'a1fb6acde61499a0f6d5105781a49338') in 0.018024 seconds 
  Import took 0.023365 seconds .

========================================================================
Received Import Request.
  Time since last request: 0.000309 seconds.
  path: Assets/Théo/Test/Textures/Remy_Body_Specular.png
  artifactKey: Guid(7dd433bbc017b46bbb6f5d2cc0ef6a87) Importer(815301076,1909f56bfc062723c751e8b465ee728b)
Start importing Assets/Théo/Test/Textures/Remy_Body_Specular.png using Guid(7dd433bbc017b46bbb6f5d2cc0ef6a87) Importer(815301076,1909f56bfc062723c751e8b465ee728b)  -> (artifact id: 'b2bfe6ab565940a4f60a273364510fb8') in 0.012340 seconds 
  Import took 0.016401 seconds .

========================================================================
Received Import Request.
  Time since last request: 0.000336 seconds.
  path: Assets/Théo/Test/Textures/Ch42_1001_Normal.png
  artifactKey: Guid(9dff3a42330704e649f35549ec29d0ff) Importer(815301076,1909f56bfc062723c751e8b465ee728b)
Start importing Assets/Théo/Test/Textures/Ch42_1001_Normal.png using Guid(9dff3a42330704e649f35549ec29d0ff) Importer(815301076,1909f56bfc062723c751e8b465ee728b)  -> (artifact id: 'd96a3d3281f5c7799ab12f0a4cbb5938') in 0.020983 seconds 
  Import took 0.025148 seconds .

========================================================================
Received Import Request.
  Time since last request: 0.000320 seconds.
  path: Assets/Théo/Test/Textures/Ch06_1001_Specular.png
  artifactKey: Guid(e1c06da8d4e5f45a0a021ad39c697fd3) Importer(815301076,1909f56bfc062723c751e8b465ee728b)
Start importing Assets/Théo/Test/Textures/Ch06_1001_Specular.png using Guid(e1c06da8d4e5f45a0a021ad39c697fd3) Importer(815301076,1909f56bfc062723c751e8b465ee728b)  -> (artifact id: '5344267b0262d30cc4516af22fcb6de4') in 0.012861 seconds 
  Import took 0.016843 seconds .

========================================================================
Received Import Request.
  Time since last request: 0.000240 seconds.
  path: Assets/Théo/Test/Textures/Ch22_1002_Normal.png
  artifactKey: Guid(9255a8ceb5dd847ed8597b9e09f600f8) Importer(815301076,1909f56bfc062723c751e8b465ee728b)
Start importing Assets/Théo/Test/Textures/Ch22_1002_Normal.png using Guid(9255a8ceb5dd847ed8597b9e09f600f8) Importer(815301076,1909f56bfc062723c751e8b465ee728b)  -> (artifact id: '6356f1f8a8345645904ce0d204c55a84') in 0.013498 seconds 
  Import took 0.017944 seconds .

========================================================================
Received Import Request.
  Time since last request: 0.000365 seconds.
  path: Assets/Théo/Test/Textures/Ch06_1001_Glossiness.png
  artifactKey: Guid(0ff32d3a9d53544a0a39ea6201b499e3) Importer(815301076,1909f56bfc062723c751e8b465ee728b)
Start importing Assets/Théo/Test/Textures/Ch06_1001_Glossiness.png using Guid(0ff32d3a9d53544a0a39ea6201b499e3) Importer(815301076,1909f56bfc062723c751e8b465ee728b)  -> (artifact id: '18a672600a24730d1b1455f0e5c5bf17') in 0.018754 seconds 
  Import took 0.022799 seconds .

========================================================================
Received Import Request.
  Time since last request: 0.000387 seconds.
  path: Assets/Théo/Test/Textures/Remy_Body_Normal.png
  artifactKey: Guid(5a735bfcda0ba422fbdd5439d4debd09) Importer(815301076,1909f56bfc062723c751e8b465ee728b)
Start importing Assets/Théo/Test/Textures/Remy_Body_Normal.png using Guid(5a735bfcda0ba422fbdd5439d4debd09) Importer(815301076,1909f56bfc062723c751e8b465ee728b)  -> (artifact id: '498dbefd419a8b3317bee2819be1a034') in 0.013799 seconds 
  Import took 0.017697 seconds .

========================================================================
Received Import Request.
  Time since last request: 0.000230 seconds.
  path: Assets/Théo/Test/Textures/Ch22_1001_Diffuse.png
  artifactKey: Guid(706601da58601456e8ce5cb7f3d6fa4e) Importer(815301076,1909f56bfc062723c751e8b465ee728b)
Start importing Assets/Théo/Test/Textures/Ch22_1001_Diffuse.png using Guid(706601da58601456e8ce5cb7f3d6fa4e) Importer(815301076,1909f56bfc062723c751e8b465ee728b)  -> (artifact id: '01df08d6b1f6e7bf49e04d8a8fc83f85') in 0.011129 seconds 
  Import took 0.014258 seconds .

========================================================================
Received Import Request.
  Time since last request: 0.000266 seconds.
  path: Assets/Théo/Test/Textures/Ch28_1001_Glossiness.png
  artifactKey: Guid(1a1cd6b56d4954725986d59a5510054d) Importer(815301076,1909f56bfc062723c751e8b465ee728b)
Start importing Assets/Théo/Test/Textures/Ch28_1001_Glossiness.png using Guid(1a1cd6b56d4954725986d59a5510054d) Importer(815301076,1909f56bfc062723c751e8b465ee728b)  -> (artifact id: '2a6d6a1e22920ce1f0de39911849ee83') in 0.020946 seconds 
  Import took 0.025918 seconds .

========================================================================
Received Import Request.
  Time since last request: 0.000326 seconds.
  path: Assets/Théo/Test/Textures/Remy_Body_Opacity.png
  artifactKey: Guid(abaf31ff71df14e1285fe5ff47b936a4) Importer(815301076,1909f56bfc062723c751e8b465ee728b)
Start importing Assets/Théo/Test/Textures/Remy_Body_Opacity.png using Guid(abaf31ff71df14e1285fe5ff47b936a4) Importer(815301076,1909f56bfc062723c751e8b465ee728b)  -> (artifact id: '91233df0a91670eb84586e307c3e1b47') in 0.011667 seconds 
  Import took 0.015200 seconds .

========================================================================
Received Prepare
Registering precompiled user dll's ...
Registered in 0.003460 seconds.
Begin MonoManager ReloadAssembly
Native extension for OSXStandalone target not found
Refreshing native plugins compatible for Editor in 0.58 ms, found 2 plugins.
Preloading 0 native plugins for Editor in 0.00 ms.
2022-01-20 16:25:17.455 Unity[8084:143066] NSEventModifierFlagFunction specified to -setKeyEquivalentModifierMask: for item <NSMenuItem: 0x600002214850 Font Asset, ke='Command-F12'>, but is only supported for system-provided menu items; will not be used
Mono: successfully reloaded assembly
- Completed reload, in  1.665 seconds
Domain Reload Profiling:
	ReloadAssembly (1666ms)
		BeginReloadAssembly (138ms)
			ExecutionOrderSort (0ms)
			DisableScriptedObjects (5ms)
			BackupInstance (0ms)
			ReleaseScriptingObjects (0ms)
			CreateAndSetChildDomain (55ms)
		EndReloadAssembly (1444ms)
			LoadAssemblies (100ms)
			RebuildTransferFunctionScriptingTraits (0ms)
			SetupTypeCache (532ms)
			ReleaseScriptCaches (1ms)
			RebuildScriptCaches (73ms)
			SetupLoadedEditorAssemblies (555ms)
				LogAssemblyErrors (0ms)
				InitializePlatformSupportModulesInManaged (7ms)
				SetLoadedEditorAssemblies (1ms)
				RefreshPlugins (1ms)
				BeforeProcessingInitializeOnLoad (158ms)
				ProcessInitializeOnLoadAttributes (368ms)
				ProcessInitializeOnLoadMethodAttributes (17ms)
				AfterProcessingInitializeOnLoad (2ms)
				EditorAssembliesLoaded (0ms)
			ExecutionOrderSort2 (0ms)
			AwakeInstancesAfterBackupRestoration (12ms)
Platform modules already initialized, skipping
Refreshing native plugins compatible for Editor in 0.50 ms, found 2 plugins.
Preloading 0 native plugins for Editor in 0.00 ms.
Unloading 1948 Unused Serialized files (Serialized files now loaded: 0)
System memory in use before: 208.5 MB.
System memory in use after: 208.6 MB.

Unloading 16 unused Assets to reduce memory usage. Loaded Objects now: 2483.
Total: 3.988651 ms (FindLiveObjects: 0.239924 ms CreateObjectMapping: 0.089492 ms MarkObjects: 3.623633 ms  DeleteObjects: 0.034214 ms)

AssetImportParameters requested are different than current active one (requested -> active):
  custom:video-decoder-ogg-theora: a1e56fd34408186e4bbccfd4996cb3dc -> 
  custom:container-muxer-webm: aa71ff27fc2769a1b78a27578f13a17b -> 
  custom:container-demuxer-webm: 4f35f7cbe854078d1ac9338744f61a02 -> 
  custom:container-demuxer-ogg: 62fdf1f143b41e24485cea50d1cbac27 -> 
  custom:video-encoder-webm-vp8: eb34c28f22e8b96e1ab97ce403110664 -> 
  custom:framework-osx-AVFoundation: e770b220cccbd017edd2c1fefb359320 -> 
  custom:video-decoder-webm-vp8: 9c59270c3fd7afecdb556c50c9e8de78 -> 
  custom:audio-decoder-ogg-vorbis: bf7c407c2cedff20999df2af8eb42d56 -> 
  custom:audio-encoder-webm-vorbis: bf7c407c2cedff20999df2af8eb42d56 -> 
========================================================================
Received Import Request.
  Time since last request: 87.993709 seconds.
  path: Assets/Théo/Test/Materials/Ch28_hair.mat
  artifactKey: Guid(1f46d9dde65c84f46bd786f7b0beb293) Importer(815301076,1909f56bfc062723c751e8b465ee728b)
Start importing Assets/Théo/Test/Materials/Ch28_hair.mat using Guid(1f46d9dde65c84f46bd786f7b0beb293) Importer(815301076,1909f56bfc062723c751e8b465ee728b)  -> (artifact id: 'b6501d16b13229771fafa666bac664b3') in 0.097135 seconds 
  Import took 0.102499 seconds .

========================================================================
Received Import Request.
  Time since last request: 0.000268 seconds.
  path: Assets/Théo/Test/Materials/Ch02_hair.mat
  artifactKey: Guid(34650e280adbf4c6caf4b9252a90508a) Importer(815301076,1909f56bfc062723c751e8b465ee728b)
Start importing Assets/Théo/Test/Materials/Ch02_hair.mat using Guid(34650e280adbf4c6caf4b9252a90508a) Importer(815301076,1909f56bfc062723c751e8b465ee728b)  -> (artifact id: 'cd0aae5505d8834c52646524ad3f405a') in 0.042742 seconds 
  Import took 0.048448 seconds .

========================================================================
Received Import Request.
  Time since last request: 0.000340 seconds.
  path: Assets/Théo/Test/Materials/Ch22_hair.mat
  artifactKey: Guid(bcb5ac70d7555444abccc26e8d8cdecf) Importer(815301076,1909f56bfc062723c751e8b465ee728b)
Start importing Assets/Théo/Test/Materials/Ch22_hair.mat using Guid(bcb5ac70d7555444abccc26e8d8cdecf) Importer(815301076,1909f56bfc062723c751e8b465ee728b)  -> (artifact id: '9c10316eee613542d9a8fc710807969a') in 0.040941 seconds 
  Import took 0.046777 seconds .

========================================================================
Received Import Request.
  Time since last request: 0.000313 seconds.
  path: Assets/Théo/Test/Materials/Ch42_Hair.mat
  artifactKey: Guid(688f3e882b5014e1ba640d5a6e259a29) Importer(815301076,1909f56bfc062723c751e8b465ee728b)
Start importing Assets/Théo/Test/Materials/Ch42_Hair.mat using Guid(688f3e882b5014e1ba640d5a6e259a29) Importer(815301076,1909f56bfc062723c751e8b465ee728b)  -> (artifact id: 'bd669221a617d190e89f68d4b300c514') in 0.030441 seconds 
  Import took 0.036068 seconds .

========================================================================
Received Import Request.
  Time since last request: 0.000365 seconds.
  path: Assets/Théo/Test/Materials/Ch06_eyelashes.mat
  artifactKey: Guid(212692a8444bb486f82e088f4e21d4cd) Importer(815301076,1909f56bfc062723c751e8b465ee728b)
Start importing Assets/Théo/Test/Materials/Ch06_eyelashes.mat using Guid(212692a8444bb486f82e088f4e21d4cd) Importer(815301076,1909f56bfc062723c751e8b465ee728b)  -> (artifact id: '8302fb1fef2cecf337de90967a8b4705') in 0.035107 seconds 
  Import took 0.042604 seconds .

AssetImportWorkerClient::OnTransportError - code=2 error=End of file
